#-----------------------------------------------------------
# Vivado v2017.4 (64-bit)
# SW Build 2086221 on Fri Dec 15 20:55:39 MST 2017
# IP Build 2085800 on Fri Dec 15 22:25:07 MST 2017
# Start of session at: Mon May 29 16:10:21 2023
# Process ID: 15580
# Current directory: D:/LearningMaterials/CS202/Project/CS202_Project/CPU_Final
# Command line: vivado.exe -gui_launcher_event rodinguilauncherevent18500 D:\LearningMaterials\CS202\Project\CS202_Project\CPU_Final\CPU_Final.xpr
# Log file: D:/LearningMaterials/CS202/Project/CS202_Project/CPU_Final/vivado.log
# Journal file: D:/LearningMaterials/CS202/Project/CS202_Project/CPU_Final\vivado.jou
#-----------------------------------------------------------
start_gui
open_project D:/LearningMaterials/CS202/Project/CS202_Project/CPU_Final/CPU_Final.xpr
Scanning sources...
Finished scanning sources
INFO: [IP_Flow 19-234] Refreshing IP repositories
INFO: [IP_Flow 19-1700] Loaded user IP repository 'd:/BingDownload/SEU_CSE_507_user_uart_bmpg_1.3'.
INFO: [IP_Flow 19-2313] Loaded Vivado IP repository 'D:/Xilinx/Vivado/2017.4/data/ip'.
open_project: Time (s): cpu = 00:00:03 ; elapsed = 00:00:05 . Memory (MB): peak = 757.566 ; gain = 69.027
update_compile_order -fileset sources_1
exit
INFO: [Common 17-206] Exiting Vivado at Mon May 29 16:13:26 2023...
