#-----------------------------------------------------------
# Vivado v2017.4 (64-bit)
# SW Build 2086221 on Fri Dec 15 20:55:39 MST 2017
# IP Build 2085800 on Fri Dec 15 22:25:07 MST 2017
# Start of session at: Mon May 29 23:02:18 2023
# Process ID: 12568
# Current directory: D:/LearningMaterials/CS202/Project/CS202_Project/CPU_Final
# Command line: vivado.exe -gui_launcher_event rodinguilauncherevent8848 D:\LearningMaterials\CS202\Project\CS202_Project\CPU_Final\CPU_Final.xpr
# Log file: D:/LearningMaterials/CS202/Project/CS202_Project/CPU_Final/vivado.log
# Journal file: D:/LearningMaterials/CS202/Project/CS202_Project/CPU_Final\vivado.jou
#-----------------------------------------------------------
start_gui
open_project D:/LearningMaterials/CS202/Project/CS202_Project/CPU_Final/CPU_Final.xpr
Scanning sources...
Finished scanning sources
INFO: [IP_Flow 19-234] Refreshing IP repositories
INFO: [IP_Flow 19-1700] Loaded user IP repository 'd:/BingDownload/SEU_CSE_507_user_uart_bmpg_1.3'.
INFO: [IP_Flow 19-2313] Loaded Vivado IP repository 'D:/Xilinx/Vivado/2017.4/data/ip'.
open_project: Time (s): cpu = 00:00:05 ; elapsed = 00:00:10 . Memory (MB): peak = 774.352 ; gain = 69.340
update_compile_order -fileset sources_1
INFO: [Device 21-403] Loading part xc7a35tcsg324-1
WARNING: [IP_Flow 19-4067] Ignoring invalid widget type specified checkbox.Providing a default widget
WARNING: [IP_Flow 19-4067] Ignoring invalid widget type specified checkbox.Providing a default widget
WARNING: [IP_Flow 19-4067] Ignoring invalid widget type specified checkbox.Providing a default widget
WARNING: [IP_Flow 19-4067] Ignoring invalid widget type specified checkbox.Providing a default widget
open_run synth_1 -name synth_1
Design is defaulting to impl run constrset: constrs_1
Design is defaulting to synth run part: xc7a35tcsg324-1
INFO: [Project 1-454] Reading design checkpoint 'd:/LearningMaterials/CS202/Project/CS202_Project/CPU_Final/CPU_Final.srcs/sources_1/ip/cpu_clk/cpu_clk.dcp' for cell 'cpu_clk_inst'
INFO: [Project 1-454] Reading design checkpoint 'd:/LearningMaterials/CS202/Project/CS202_Project/CPU_Final/CPU_Final.srcs/sources_1/ip/uart_bmpg_0/uart_bmpg_0.dcp' for cell 'uart_inst'
INFO: [Project 1-454] Reading design checkpoint 'd:/LearningMaterials/CS202/Project/CS202_Project/CPU_Final/CPU_Final.srcs/sources_1/ip/ROM/ROM.dcp' for cell 'ProgramROM_inst/rom'
INFO: [Project 1-454] Reading design checkpoint 'd:/LearningMaterials/CS202/Project/CS202_Project/CPU_Final/CPU_Final.srcs/sources_1/ip/RAM/RAM.dcp' for cell 'dmemory/RAM_inst'
INFO: [Netlist 29-17] Analyzing 606 Unisim elements for replacement
INFO: [Netlist 29-28] Unisim Transformation completed in 0 CPU seconds
INFO: [Project 1-479] Netlist was created with Vivado 2017.4
INFO: [Project 1-570] Preparing netlist for logic optimization
WARNING: [Opt 31-35] Removing redundant IBUF, cpu_clk_inst/inst/clkin1_ibufg, from the path connected to top-level port: fpga_clk 
Resolution: The tool has removed redundant IBUF. To resolve this warning, check for redundant IBUF in the input design.
WARNING: [Opt 31-32] Removing redundant IBUF since it is not being driven by a top-level port. uart_inst/inst/upg_inst/upg_clk_i_IBUF_inst 
Resolution: The tool has removed redundant IBUF. To resolve this warning, check for redundant IBUF in the input design.
WARNING: [Opt 31-32] Removing redundant IBUF since it is not being driven by a top-level port. uart_inst/inst/upg_inst/upg_rst_i_IBUF_inst 
Resolution: The tool has removed redundant IBUF. To resolve this warning, check for redundant IBUF in the input design.
WARNING: [Opt 31-35] Removing redundant IBUF, uart_inst/inst/upg_inst/upg_rx_i_IBUF_inst, from the path connected to top-level port: rx 
Resolution: The tool has removed redundant IBUF. To resolve this warning, check for redundant IBUF in the input design.
WARNING: [Opt 31-33] Removing redundant OBUF since it is not driving a top-level port. uart_inst/inst/upg_inst/upg_adr_o_OBUF[0]_inst 
Resolution: The tool has removed redundant OBUF. To resolve this warning, check for redundant OBUF in the input design.
WARNING: [Opt 31-33] Removing redundant OBUF since it is not driving a top-level port. uart_inst/inst/upg_inst/upg_adr_o_OBUF[10]_inst 
Resolution: The tool has removed redundant OBUF. To resolve this warning, check for redundant OBUF in the input design.
WARNING: [Opt 31-33] Removing redundant OBUF since it is not driving a top-level port. uart_inst/inst/upg_inst/upg_adr_o_OBUF[11]_inst 
Resolution: The tool has removed redundant OBUF. To resolve this warning, check for redundant OBUF in the input design.
WARNING: [Opt 31-33] Removing redundant OBUF since it is not driving a top-level port. uart_inst/inst/upg_inst/upg_adr_o_OBUF[12]_inst 
Resolution: The tool has removed redundant OBUF. To resolve this warning, check for redundant OBUF in the input design.
WARNING: [Opt 31-33] Removing redundant OBUF since it is not driving a top-level port. uart_inst/inst/upg_inst/upg_adr_o_OBUF[13]_inst 
Resolution: The tool has removed redundant OBUF. To resolve this warning, check for redundant OBUF in the input design.
WARNING: [Opt 31-33] Removing redundant OBUF since it is not driving a top-level port. uart_inst/inst/upg_inst/upg_adr_o_OBUF[14]_inst 
Resolution: The tool has removed redundant OBUF. To resolve this warning, check for redundant OBUF in the input design.
WARNING: [Opt 31-33] Removing redundant OBUF since it is not driving a top-level port. uart_inst/inst/upg_inst/upg_adr_o_OBUF[1]_inst 
Resolution: The tool has removed redundant OBUF. To resolve this warning, check for redundant OBUF in the input design.
WARNING: [Opt 31-33] Removing redundant OBUF since it is not driving a top-level port. uart_inst/inst/upg_inst/upg_adr_o_OBUF[2]_inst 
Resolution: The tool has removed redundant OBUF. To resolve this warning, check for redundant OBUF in the input design.
WARNING: [Opt 31-33] Removing redundant OBUF since it is not driving a top-level port. uart_inst/inst/upg_inst/upg_adr_o_OBUF[3]_inst 
Resolution: The tool has removed redundant OBUF. To resolve this warning, check for redundant OBUF in the input design.
WARNING: [Opt 31-33] Removing redundant OBUF since it is not driving a top-level port. uart_inst/inst/upg_inst/upg_adr_o_OBUF[4]_inst 
Resolution: The tool has removed redundant OBUF. To resolve this warning, check for redundant OBUF in the input design.
WARNING: [Opt 31-33] Removing redundant OBUF since it is not driving a top-level port. uart_inst/inst/upg_inst/upg_adr_o_OBUF[5]_inst 
Resolution: The tool has removed redundant OBUF. To resolve this warning, check for redundant OBUF in the input design.
WARNING: [Opt 31-33] Removing redundant OBUF since it is not driving a top-level port. uart_inst/inst/upg_inst/upg_adr_o_OBUF[6]_inst 
Resolution: The tool has removed redundant OBUF. To resolve this warning, check for redundant OBUF in the input design.
WARNING: [Opt 31-33] Removing redundant OBUF since it is not driving a top-level port. uart_inst/inst/upg_inst/upg_adr_o_OBUF[7]_inst 
Resolution: The tool has removed redundant OBUF. To resolve this warning, check for redundant OBUF in the input design.
WARNING: [Opt 31-33] Removing redundant OBUF since it is not driving a top-level port. uart_inst/inst/upg_inst/upg_adr_o_OBUF[8]_inst 
Resolution: The tool has removed redundant OBUF. To resolve this warning, check for redundant OBUF in the input design.
WARNING: [Opt 31-33] Removing redundant OBUF since it is not driving a top-level port. uart_inst/inst/upg_inst/upg_adr_o_OBUF[9]_inst 
Resolution: The tool has removed redundant OBUF. To resolve this warning, check for redundant OBUF in the input design.
WARNING: [Opt 31-33] Removing redundant OBUF since it is not driving a top-level port. uart_inst/inst/upg_inst/upg_clk_o_OBUF_inst 
Resolution: The tool has removed redundant OBUF. To resolve this warning, check for redundant OBUF in the input design.
WARNING: [Opt 31-33] Removing redundant OBUF since it is not driving a top-level port. uart_inst/inst/upg_inst/upg_dat_o_OBUF[0]_inst 
Resolution: The tool has removed redundant OBUF. To resolve this warning, check for redundant OBUF in the input design.
WARNING: [Opt 31-33] Removing redundant OBUF since it is not driving a top-level port. uart_inst/inst/upg_inst/upg_dat_o_OBUF[10]_inst 
Resolution: The tool has removed redundant OBUF. To resolve this warning, check for redundant OBUF in the input design.
WARNING: [Opt 31-33] Removing redundant OBUF since it is not driving a top-level port. uart_inst/inst/upg_inst/upg_dat_o_OBUF[11]_inst 
Resolution: The tool has removed redundant OBUF. To resolve this warning, check for redundant OBUF in the input design.
WARNING: [Opt 31-33] Removing redundant OBUF since it is not driving a top-level port. uart_inst/inst/upg_inst/upg_dat_o_OBUF[12]_inst 
Resolution: The tool has removed redundant OBUF. To resolve this warning, check for redundant OBUF in the input design.
WARNING: [Opt 31-33] Removing redundant OBUF since it is not driving a top-level port. uart_inst/inst/upg_inst/upg_dat_o_OBUF[13]_inst 
Resolution: The tool has removed redundant OBUF. To resolve this warning, check for redundant OBUF in the input design.
WARNING: [Opt 31-33] Removing redundant OBUF since it is not driving a top-level port. uart_inst/inst/upg_inst/upg_dat_o_OBUF[14]_inst 
Resolution: The tool has removed redundant OBUF. To resolve this warning, check for redundant OBUF in the input design.
WARNING: [Opt 31-33] Removing redundant OBUF since it is not driving a top-level port. uart_inst/inst/upg_inst/upg_dat_o_OBUF[15]_inst 
Resolution: The tool has removed redundant OBUF. To resolve this warning, check for redundant OBUF in the input design.
WARNING: [Opt 31-33] Removing redundant OBUF since it is not driving a top-level port. uart_inst/inst/upg_inst/upg_dat_o_OBUF[16]_inst 
Resolution: The tool has removed redundant OBUF. To resolve this warning, check for redundant OBUF in the input design.
WARNING: [Opt 31-33] Removing redundant OBUF since it is not driving a top-level port. uart_inst/inst/upg_inst/upg_dat_o_OBUF[17]_inst 
Resolution: The tool has removed redundant OBUF. To resolve this warning, check for redundant OBUF in the input design.
WARNING: [Opt 31-33] Removing redundant OBUF since it is not driving a top-level port. uart_inst/inst/upg_inst/upg_dat_o_OBUF[18]_inst 
Resolution: The tool has removed redundant OBUF. To resolve this warning, check for redundant OBUF in the input design.
WARNING: [Opt 31-33] Removing redundant OBUF since it is not driving a top-level port. uart_inst/inst/upg_inst/upg_dat_o_OBUF[19]_inst 
Resolution: The tool has removed redundant OBUF. To resolve this warning, check for redundant OBUF in the input design.
WARNING: [Opt 31-33] Removing redundant OBUF since it is not driving a top-level port. uart_inst/inst/upg_inst/upg_dat_o_OBUF[1]_inst 
Resolution: The tool has removed redundant OBUF. To resolve this warning, check for redundant OBUF in the input design.
WARNING: [Opt 31-33] Removing redundant OBUF since it is not driving a top-level port. uart_inst/inst/upg_inst/upg_dat_o_OBUF[20]_inst 
Resolution: The tool has removed redundant OBUF. To resolve this warning, check for redundant OBUF in the input design.
WARNING: [Opt 31-33] Removing redundant OBUF since it is not driving a top-level port. uart_inst/inst/upg_inst/upg_dat_o_OBUF[21]_inst 
Resolution: The tool has removed redundant OBUF. To resolve this warning, check for redundant OBUF in the input design.
WARNING: [Opt 31-33] Removing redundant OBUF since it is not driving a top-level port. uart_inst/inst/upg_inst/upg_dat_o_OBUF[22]_inst 
Resolution: The tool has removed redundant OBUF. To resolve this warning, check for redundant OBUF in the input design.
WARNING: [Opt 31-33] Removing redundant OBUF since it is not driving a top-level port. uart_inst/inst/upg_inst/upg_dat_o_OBUF[23]_inst 
Resolution: The tool has removed redundant OBUF. To resolve this warning, check for redundant OBUF in the input design.
WARNING: [Opt 31-33] Removing redundant OBUF since it is not driving a top-level port. uart_inst/inst/upg_inst/upg_dat_o_OBUF[24]_inst 
Resolution: The tool has removed redundant OBUF. To resolve this warning, check for redundant OBUF in the input design.
WARNING: [Opt 31-33] Removing redundant OBUF since it is not driving a top-level port. uart_inst/inst/upg_inst/upg_dat_o_OBUF[25]_inst 
Resolution: The tool has removed redundant OBUF. To resolve this warning, check for redundant OBUF in the input design.
WARNING: [Opt 31-33] Removing redundant OBUF since it is not driving a top-level port. uart_inst/inst/upg_inst/upg_dat_o_OBUF[26]_inst 
Resolution: The tool has removed redundant OBUF. To resolve this warning, check for redundant OBUF in the input design.
WARNING: [Opt 31-33] Removing redundant OBUF since it is not driving a top-level port. uart_inst/inst/upg_inst/upg_dat_o_OBUF[27]_inst 
Resolution: The tool has removed redundant OBUF. To resolve this warning, check for redundant OBUF in the input design.
WARNING: [Opt 31-33] Removing redundant OBUF since it is not driving a top-level port. uart_inst/inst/upg_inst/upg_dat_o_OBUF[28]_inst 
Resolution: The tool has removed redundant OBUF. To resolve this warning, check for redundant OBUF in the input design.
WARNING: [Opt 31-33] Removing redundant OBUF since it is not driving a top-level port. uart_inst/inst/upg_inst/upg_dat_o_OBUF[29]_inst 
Resolution: The tool has removed redundant OBUF. To resolve this warning, check for redundant OBUF in the input design.
WARNING: [Opt 31-33] Removing redundant OBUF since it is not driving a top-level port. uart_inst/inst/upg_inst/upg_dat_o_OBUF[2]_inst 
Resolution: The tool has removed redundant OBUF. To resolve this warning, check for redundant OBUF in the input design.
WARNING: [Opt 31-33] Removing redundant OBUF since it is not driving a top-level port. uart_inst/inst/upg_inst/upg_dat_o_OBUF[30]_inst 
Resolution: The tool has removed redundant OBUF. To resolve this warning, check for redundant OBUF in the input design.
WARNING: [Opt 31-33] Removing redundant OBUF since it is not driving a top-level port. uart_inst/inst/upg_inst/upg_dat_o_OBUF[31]_inst 
Resolution: The tool has removed redundant OBUF. To resolve this warning, check for redundant OBUF in the input design.
WARNING: [Opt 31-33] Removing redundant OBUF since it is not driving a top-level port. uart_inst/inst/upg_inst/upg_dat_o_OBUF[3]_inst 
Resolution: The tool has removed redundant OBUF. To resolve this warning, check for redundant OBUF in the input design.
WARNING: [Opt 31-33] Removing redundant OBUF since it is not driving a top-level port. uart_inst/inst/upg_inst/upg_dat_o_OBUF[4]_inst 
Resolution: The tool has removed redundant OBUF. To resolve this warning, check for redundant OBUF in the input design.
WARNING: [Opt 31-33] Removing redundant OBUF since it is not driving a top-level port. uart_inst/inst/upg_inst/upg_dat_o_OBUF[5]_inst 
Resolution: The tool has removed redundant OBUF. To resolve this warning, check for redundant OBUF in the input design.
WARNING: [Opt 31-33] Removing redundant OBUF since it is not driving a top-level port. uart_inst/inst/upg_inst/upg_dat_o_OBUF[6]_inst 
Resolution: The tool has removed redundant OBUF. To resolve this warning, check for redundant OBUF in the input design.
WARNING: [Opt 31-33] Removing redundant OBUF since it is not driving a top-level port. uart_inst/inst/upg_inst/upg_dat_o_OBUF[7]_inst 
Resolution: The tool has removed redundant OBUF. To resolve this warning, check for redundant OBUF in the input design.
WARNING: [Opt 31-33] Removing redundant OBUF since it is not driving a top-level port. uart_inst/inst/upg_inst/upg_dat_o_OBUF[8]_inst 
Resolution: The tool has removed redundant OBUF. To resolve this warning, check for redundant OBUF in the input design.
WARNING: [Opt 31-33] Removing redundant OBUF since it is not driving a top-level port. uart_inst/inst/upg_inst/upg_dat_o_OBUF[9]_inst 
Resolution: The tool has removed redundant OBUF. To resolve this warning, check for redundant OBUF in the input design.
WARNING: [Opt 31-33] Removing redundant OBUF since it is not driving a top-level port. uart_inst/inst/upg_inst/upg_done_o_OBUF_inst 
Resolution: The tool has removed redundant OBUF. To resolve this warning, check for redundant OBUF in the input design.
WARNING: [Opt 31-36] Removing redundant OBUF, tx_OBUF_inst, from the path connected to top-level port: tx 
Resolution: The tool has removed redundant OBUF. To resolve this warning, check for redundant OBUF in the input design.
WARNING: [Opt 31-33] Removing redundant OBUF since it is not driving a top-level port. uart_inst/inst/upg_inst/upg_wen_o_OBUF_inst 
Resolution: The tool has removed redundant OBUF. To resolve this warning, check for redundant OBUF in the input design.
WARNING: [Constraints 18-550] Could not create 'IBUF_LOW_PWR' constraint because net 'cpu_clk_inst/fpga_clk' is not directly connected to top level port. 'IBUF_LOW_PWR' is ignored by Vivado but preserved for implementation tool. [D:/LearningMaterials/CS202/Project/CS202_Project/CPU_Final/.Xil/Vivado-12568-LAPTOP-7DFI8QQJ/dcp1/cpu_clk.edf:269]
Parsing XDC File [d:/LearningMaterials/CS202/Project/CS202_Project/CPU_Final/CPU_Final.srcs/sources_1/ip/cpu_clk/cpu_clk_board.xdc] for cell 'cpu_clk_inst/inst'
Finished Parsing XDC File [d:/LearningMaterials/CS202/Project/CS202_Project/CPU_Final/CPU_Final.srcs/sources_1/ip/cpu_clk/cpu_clk_board.xdc] for cell 'cpu_clk_inst/inst'
Parsing XDC File [d:/LearningMaterials/CS202/Project/CS202_Project/CPU_Final/CPU_Final.srcs/sources_1/ip/cpu_clk/cpu_clk.xdc] for cell 'cpu_clk_inst/inst'
INFO: [Timing 38-35] Done setting XDC timing constraints. [d:/LearningMaterials/CS202/Project/CS202_Project/CPU_Final/CPU_Final.srcs/sources_1/ip/cpu_clk/cpu_clk.xdc:57]
INFO: [Timing 38-2] Deriving generated clocks [d:/LearningMaterials/CS202/Project/CS202_Project/CPU_Final/CPU_Final.srcs/sources_1/ip/cpu_clk/cpu_clk.xdc:57]
get_clocks: Time (s): cpu = 00:00:09 ; elapsed = 00:00:11 . Memory (MB): peak = 1756.742 ; gain = 562.023
Finished Parsing XDC File [d:/LearningMaterials/CS202/Project/CS202_Project/CPU_Final/CPU_Final.srcs/sources_1/ip/cpu_clk/cpu_clk.xdc] for cell 'cpu_clk_inst/inst'
Parsing XDC File [D:/LearningMaterials/CS202/Project/CS202_Project/CPU_Final/CPU_Final.srcs/constrs_1/new/cpu.xdc]
Finished Parsing XDC File [D:/LearningMaterials/CS202/Project/CS202_Project/CPU_Final/CPU_Final.srcs/constrs_1/new/cpu.xdc]
INFO: [Opt 31-138] Pushed 0 inverter(s) to 0 load pin(s).
INFO: [Project 1-111] Unisim Transformation Summary:
No Unisim elements were transformed.

open_run: Time (s): cpu = 00:00:17 ; elapsed = 00:00:21 . Memory (MB): peak = 1758.949 ; gain = 708.246
write_schematic -format pdf -orientation portrait D:/LearningMaterials/CS202/Project/schematic.pdf
D:/LearningMaterials/CS202/Project/schematic.pdf
write_schematic -format pdf -orientation portrait -force D:/LearningMaterials/CS202/Project/schematic.pdf
D:/LearningMaterials/CS202/Project/schematic.pdf
