#-----------------------------------------------------------
# Vivado v2017.4 (64-bit)
# SW Build 2086221 on Fri Dec 15 20:55:39 MST 2017
# IP Build 2085800 on Fri Dec 15 22:25:07 MST 2017
# Start of session at: Thu May 11 00:06:20 2023
# Process ID: 3580
# Current directory: D:/LearningMaterials/CS202/Project/CS202_Project/CS202_Poject
# Command line: vivado.exe -gui_launcher_event rodinguilauncherevent10648 D:\LearningMaterials\CS202\Project\CS202_Project\CS202_Poject\CS202_Poject.xpr
# Log file: D:/LearningMaterials/CS202/Project/CS202_Project/CS202_Poject/vivado.log
# Journal file: D:/LearningMaterials/CS202/Project/CS202_Project/CS202_Poject\vivado.jou
#-----------------------------------------------------------
start_gui
open_project D:/LearningMaterials/CS202/Project/CS202_Project/CS202_Poject/CS202_Poject.xpr
Scanning sources...
Finished scanning sources
INFO: [IP_Flow 19-234] Refreshing IP repositories
INFO: [IP_Flow 19-1704] No user IP repositories specified
INFO: [IP_Flow 19-2313] Loaded Vivado IP repository 'D:/Xilinx/Vivado/2017.4/data/ip'.
update_compile_order -fileset sources_1
add_files -norecurse {D:/LearningMaterials/CS202/Project/CS202_Project/CS202_Poject/CS202_Poject.srcs/sources_1/new/decoder.v D:/LearningMaterials/CS202/Project/CS202_Project/CS202_Poject/CS202_Poject.srcs/sources_1/new/executer.v D:/LearningMaterials/CS202/Project/CS202_Project/CS202_Poject/CS202_Poject.srcs/sources_1/new/programRom.v D:/LearningMaterials/CS202/Project/CS202_Project/CS202_Poject/CS202_Poject.srcs/sources_1/new/uart_loop.v D:/LearningMaterials/CS202/Project/CS202_Project/CS202_Poject/CS202_Poject.srcs/sources_1/new/clock.v D:/LearningMaterials/CS202/Project/CS202_Project/CS202_Poject/CS202_Poject.srcs/sources_1/new/dmemory.v D:/LearningMaterials/CS202/Project/CS202_Project/CS202_Poject/CS202_Poject.srcs/sources_1/new/uart_manager.v D:/LearningMaterials/CS202/Project/CS202_Project/CS202_Poject/CS202_Poject.srcs/sources_1/new/uart_recv.v D:/LearningMaterials/CS202/Project/CS202_Project/CS202_Poject/CS202_Poject.srcs/sources_1/new/uart_send.v D:/LearningMaterials/CS202/Project/CS202_Project/CS202_Poject/CS202_Poject.srcs/sources_1/new/IFetch.v D:/LearningMaterials/CS202/Project/CS202_Project/CS202_Poject/CS202_Poject.srcs/sources_1/new/UartDriver.v D:/LearningMaterials/CS202/Project/CS202_Project/CS202_Poject/CS202_Poject.srcs/sources_1/new/ioRead.v D:/LearningMaterials/CS202/Project/CS202_Project/CS202_Poject/CS202_Poject.srcs/sources_1/new/MemOrIO.v D:/LearningMaterials/CS202/Project/CS202_Project/CS202_Poject/CS202_Poject.srcs/sources_1/new/ledDriver.v D:/LearningMaterials/CS202/Project/CS202_Project/CS202_Poject/CS202_Poject.srcs/sources_1/new/controller.v D:/LearningMaterials/CS202/Project/CS202_Project/CS202_Poject/CS202_Poject.srcs/sources_1/new/switchDriver.v}
update_compile_order -fileset sources_1
update_compile_order -fileset sources_1
export_ip_user_files -of_objects  [get_files D:/LearningMaterials/CS202/Project/CS202_Project/CS202_Poject/CS202_Poject.srcs/sources_1/new/demo.v] -no_script -reset -force -quiet
remove_files  D:/LearningMaterials/CS202/Project/CS202_Project/CS202_Poject/CS202_Poject.srcs/sources_1/new/demo.v
file delete -force D:/LearningMaterials/CS202/Project/CS202_Project/CS202_Poject/CS202_Poject.srcs/sources_1/new/demo.v
exit
INFO: [Common 17-206] Exiting Vivado at Thu May 11 01:12:48 2023...
