
*** Running vivado
    with args -log CPU.vds -m64 -product Vivado -mode batch -messageDb vivado.pb -notrace -source CPU.tcl


****** Vivado v2017.4 (64-bit)
  **** SW Build 2086221 on Fri Dec 15 20:55:39 MST 2017
  **** IP Build 2085800 on Fri Dec 15 22:25:07 MST 2017
    ** Copyright 1986-2017 Xilinx, Inc. All Rights Reserved.

source CPU.tcl -notrace
Command: synth_design -top CPU -part xc7a35tcsg324-1
Starting synth_design
Attempting to get a license for feature 'Synthesis' and/or device 'xc7a35t'
INFO: [Common 17-349] Got license for feature 'Synthesis' and/or device 'xc7a35t'
INFO: Launching helper process for spawning children vivado processes
INFO: Helper process launched with PID 17964 
---------------------------------------------------------------------------------
Starting RTL Elaboration : Time (s): cpu = 00:00:02 ; elapsed = 00:00:07 . Memory (MB): peak = 343.148 ; gain = 101.312
---------------------------------------------------------------------------------
INFO: [Synth 8-638] synthesizing module 'CPU' [D:/LearningMaterials/CS202/Project/CS202_Project/CS202_Project/CS202_Project.srcs/sources_1/new/CPU.v:23]
INFO: [Synth 8-638] synthesizing module 'BUFG' [D:/Xilinx/Vivado/2017.4/scripts/rt/data/unisim_comp.v:607]
INFO: [Synth 8-256] done synthesizing module 'BUFG' (1#1) [D:/Xilinx/Vivado/2017.4/scripts/rt/data/unisim_comp.v:607]
INFO: [Synth 8-638] synthesizing module 'cpu_clk' [D:/LearningMaterials/CS202/Project/CS202_Project/CS202_Project/CS202_Project.runs/synth_1/.Xil/Vivado-15116-LAPTOP-7DFI8QQJ/realtime/cpu_clk_stub.v:5]
INFO: [Synth 8-256] done synthesizing module 'cpu_clk' (2#1) [D:/LearningMaterials/CS202/Project/CS202_Project/CS202_Project/CS202_Project.runs/synth_1/.Xil/Vivado-15116-LAPTOP-7DFI8QQJ/realtime/cpu_clk_stub.v:5]
INFO: [Synth 8-638] synthesizing module 'uart_bmpg_0' [D:/LearningMaterials/CS202/Project/CS202_Project/CS202_Project/CS202_Project.runs/synth_1/.Xil/Vivado-15116-LAPTOP-7DFI8QQJ/realtime/uart_bmpg_0_stub.v:6]
INFO: [Synth 8-256] done synthesizing module 'uart_bmpg_0' (3#1) [D:/LearningMaterials/CS202/Project/CS202_Project/CS202_Project/CS202_Project.runs/synth_1/.Xil/Vivado-15116-LAPTOP-7DFI8QQJ/realtime/uart_bmpg_0_stub.v:6]
INFO: [Synth 8-638] synthesizing module 'IFetch' [D:/LearningMaterials/CS202/Project/CS202_Project/CS202_Project/CS202_Project.srcs/sources_1/new/IFetch.v:23]
WARNING: [Synth 8-5788] Register link_addr_reg in module IFetch is has both Set and reset with same priority. This may cause simulation mismatches. Consider rewriting code  [D:/LearningMaterials/CS202/Project/CS202_Project/CS202_Project/CS202_Project.srcs/sources_1/new/IFetch.v:55]
INFO: [Synth 8-256] done synthesizing module 'IFetch' (4#1) [D:/LearningMaterials/CS202/Project/CS202_Project/CS202_Project/CS202_Project.srcs/sources_1/new/IFetch.v:23]
INFO: [Synth 8-638] synthesizing module 'ProgramROM' [D:/LearningMaterials/CS202/Project/CS202_Project/CS202_Project/CS202_Project.srcs/sources_1/new/ProgramROM.v:23]
INFO: [Synth 8-638] synthesizing module 'programROM' [D:/LearningMaterials/CS202/Project/CS202_Project/CS202_Project/CS202_Project.runs/synth_1/.Xil/Vivado-15116-LAPTOP-7DFI8QQJ/realtime/programROM_stub.v:6]
INFO: [Synth 8-256] done synthesizing module 'programROM' (5#1) [D:/LearningMaterials/CS202/Project/CS202_Project/CS202_Project/CS202_Project.runs/synth_1/.Xil/Vivado-15116-LAPTOP-7DFI8QQJ/realtime/programROM_stub.v:6]
WARNING: [Synth 8-689] width (32) of port connection 'addra' does not match port width (14) of module 'programROM' [D:/LearningMaterials/CS202/Project/CS202_Project/CS202_Project/CS202_Project.srcs/sources_1/new/ProgramROM.v:40]
INFO: [Synth 8-256] done synthesizing module 'ProgramROM' (6#1) [D:/LearningMaterials/CS202/Project/CS202_Project/CS202_Project/CS202_Project.srcs/sources_1/new/ProgramROM.v:23]
INFO: [Synth 8-638] synthesizing module 'Decoder' [D:/LearningMaterials/CS202/Project/CS202_Project/CS202_Project/CS202_Project.srcs/sources_1/new/Decoder.v:23]
INFO: [Synth 8-256] done synthesizing module 'Decoder' (7#1) [D:/LearningMaterials/CS202/Project/CS202_Project/CS202_Project/CS202_Project.srcs/sources_1/new/Decoder.v:23]
INFO: [Synth 8-638] synthesizing module 'Controller' [D:/LearningMaterials/CS202/Project/CS202_Project/CS202_Project/CS202_Project.srcs/sources_1/new/Controller.v:23]
INFO: [Synth 8-256] done synthesizing module 'Controller' (8#1) [D:/LearningMaterials/CS202/Project/CS202_Project/CS202_Project/CS202_Project.srcs/sources_1/new/Controller.v:23]
INFO: [Synth 8-638] synthesizing module 'DMemory' [D:/LearningMaterials/CS202/Project/CS202_Project/CS202_Project/CS202_Project.srcs/sources_1/new/DMemory.v:23]
INFO: [Synth 8-638] synthesizing module 'RAM' [D:/LearningMaterials/CS202/Project/CS202_Project/CS202_Project/CS202_Project.runs/synth_1/.Xil/Vivado-15116-LAPTOP-7DFI8QQJ/realtime/RAM_stub.v:6]
INFO: [Synth 8-256] done synthesizing module 'RAM' (9#1) [D:/LearningMaterials/CS202/Project/CS202_Project/CS202_Project/CS202_Project.runs/synth_1/.Xil/Vivado-15116-LAPTOP-7DFI8QQJ/realtime/RAM_stub.v:6]
WARNING: [Synth 8-689] width (32) of port connection 'addra' does not match port width (14) of module 'RAM' [D:/LearningMaterials/CS202/Project/CS202_Project/CS202_Project/CS202_Project.srcs/sources_1/new/DMemory.v:44]
INFO: [Synth 8-256] done synthesizing module 'DMemory' (10#1) [D:/LearningMaterials/CS202/Project/CS202_Project/CS202_Project/CS202_Project.srcs/sources_1/new/DMemory.v:23]
WARNING: [Synth 8-689] width (14) of port connection 'ram_adr_i' does not match port width (32) of module 'DMemory' [D:/LearningMaterials/CS202/Project/CS202_Project/CS202_Project/CS202_Project.srcs/sources_1/new/CPU.v:166]
INFO: [Synth 8-638] synthesizing module 'Executer' [D:/LearningMaterials/CS202/Project/CS202_Project/CS202_Project/CS202_Project.srcs/sources_1/new/Executer.v:23]
INFO: [Synth 8-226] default block is never used [D:/LearningMaterials/CS202/Project/CS202_Project/CS202_Project/CS202_Project.srcs/sources_1/new/Executer.v:55]
WARNING: [Synth 8-3848] Net Addr_result in module/entity Executer does not have driver. [D:/LearningMaterials/CS202/Project/CS202_Project/CS202_Project/CS202_Project.srcs/sources_1/new/Executer.v:37]
INFO: [Synth 8-256] done synthesizing module 'Executer' (11#1) [D:/LearningMaterials/CS202/Project/CS202_Project/CS202_Project/CS202_Project.srcs/sources_1/new/Executer.v:23]
INFO: [Synth 8-638] synthesizing module 'MemOrIO' [D:/LearningMaterials/CS202/Project/CS202_Project/CS202_Project/CS202_Project.srcs/sources_1/new/MemOrIO.v:23]
INFO: [Synth 8-256] done synthesizing module 'MemOrIO' (12#1) [D:/LearningMaterials/CS202/Project/CS202_Project/CS202_Project/CS202_Project.srcs/sources_1/new/MemOrIO.v:23]
INFO: [Synth 8-638] synthesizing module 'Switch' [D:/LearningMaterials/CS202/Project/CS202_Project/CS202_Project/CS202_Project.srcs/sources_1/new/Switch.v:23]
INFO: [Synth 8-256] done synthesizing module 'Switch' (13#1) [D:/LearningMaterials/CS202/Project/CS202_Project/CS202_Project/CS202_Project.srcs/sources_1/new/Switch.v:23]
INFO: [Synth 8-638] synthesizing module 'LED' [D:/LearningMaterials/CS202/Project/CS202_Project/CS202_Project/CS202_Project.srcs/sources_1/new/Light.v:23]
INFO: [Synth 8-256] done synthesizing module 'LED' (14#1) [D:/LearningMaterials/CS202/Project/CS202_Project/CS202_Project/CS202_Project.srcs/sources_1/new/Light.v:23]
WARNING: [Synth 8-689] width (32) of port connection 'LEDWdata' does not match port width (16) of module 'LED' [D:/LearningMaterials/CS202/Project/CS202_Project/CS202_Project/CS202_Project.srcs/sources_1/new/CPU.v:232]
WARNING: [Synth 8-3848] Net seg_en in module/entity CPU does not have driver. [D:/LearningMaterials/CS202/Project/CS202_Project/CS202_Project/CS202_Project.srcs/sources_1/new/CPU.v:30]
WARNING: [Synth 8-3848] Net seg_out0 in module/entity CPU does not have driver. [D:/LearningMaterials/CS202/Project/CS202_Project/CS202_Project/CS202_Project.srcs/sources_1/new/CPU.v:31]
WARNING: [Synth 8-3848] Net seg_out1 in module/entity CPU does not have driver. [D:/LearningMaterials/CS202/Project/CS202_Project/CS202_Project/CS202_Project.srcs/sources_1/new/CPU.v:32]
WARNING: [Synth 8-3848] Net RegDst in module/entity CPU does not have driver. [D:/LearningMaterials/CS202/Project/CS202_Project/CS202_Project/CS202_Project.srcs/sources_1/new/CPU.v:72]
INFO: [Synth 8-256] done synthesizing module 'CPU' (15#1) [D:/LearningMaterials/CS202/Project/CS202_Project/CS202_Project/CS202_Project.srcs/sources_1/new/CPU.v:23]
WARNING: [Synth 8-3331] design Executer has unconnected port Addr_result[31]
WARNING: [Synth 8-3331] design Executer has unconnected port Addr_result[30]
WARNING: [Synth 8-3331] design Executer has unconnected port Addr_result[29]
WARNING: [Synth 8-3331] design Executer has unconnected port Addr_result[28]
WARNING: [Synth 8-3331] design Executer has unconnected port Addr_result[27]
WARNING: [Synth 8-3331] design Executer has unconnected port Addr_result[26]
WARNING: [Synth 8-3331] design Executer has unconnected port Addr_result[25]
WARNING: [Synth 8-3331] design Executer has unconnected port Addr_result[24]
WARNING: [Synth 8-3331] design Executer has unconnected port Addr_result[23]
WARNING: [Synth 8-3331] design Executer has unconnected port Addr_result[22]
WARNING: [Synth 8-3331] design Executer has unconnected port Addr_result[21]
WARNING: [Synth 8-3331] design Executer has unconnected port Addr_result[20]
WARNING: [Synth 8-3331] design Executer has unconnected port Addr_result[19]
WARNING: [Synth 8-3331] design Executer has unconnected port Addr_result[18]
WARNING: [Synth 8-3331] design Executer has unconnected port Addr_result[17]
WARNING: [Synth 8-3331] design Executer has unconnected port Addr_result[16]
WARNING: [Synth 8-3331] design Executer has unconnected port Addr_result[15]
WARNING: [Synth 8-3331] design Executer has unconnected port Addr_result[14]
WARNING: [Synth 8-3331] design Executer has unconnected port Addr_result[13]
WARNING: [Synth 8-3331] design Executer has unconnected port Addr_result[12]
WARNING: [Synth 8-3331] design Executer has unconnected port Addr_result[11]
WARNING: [Synth 8-3331] design Executer has unconnected port Addr_result[10]
WARNING: [Synth 8-3331] design Executer has unconnected port Addr_result[9]
WARNING: [Synth 8-3331] design Executer has unconnected port Addr_result[8]
WARNING: [Synth 8-3331] design Executer has unconnected port Addr_result[7]
WARNING: [Synth 8-3331] design Executer has unconnected port Addr_result[6]
WARNING: [Synth 8-3331] design Executer has unconnected port Addr_result[5]
WARNING: [Synth 8-3331] design Executer has unconnected port Addr_result[4]
WARNING: [Synth 8-3331] design Executer has unconnected port Addr_result[3]
WARNING: [Synth 8-3331] design Executer has unconnected port Addr_result[2]
WARNING: [Synth 8-3331] design Executer has unconnected port Addr_result[1]
WARNING: [Synth 8-3331] design Executer has unconnected port Addr_result[0]
WARNING: [Synth 8-3331] design Executer has unconnected port Func_opcode[5]
WARNING: [Synth 8-3331] design Executer has unconnected port Func_opcode[4]
WARNING: [Synth 8-3331] design Executer has unconnected port Opcode[5]
WARNING: [Synth 8-3331] design Executer has unconnected port Opcode[4]
WARNING: [Synth 8-3331] design Executer has unconnected port Opcode[3]
WARNING: [Synth 8-3331] design Executer has unconnected port branch_base_addr[31]
WARNING: [Synth 8-3331] design Executer has unconnected port branch_base_addr[30]
WARNING: [Synth 8-3331] design Executer has unconnected port branch_base_addr[29]
WARNING: [Synth 8-3331] design Executer has unconnected port branch_base_addr[28]
WARNING: [Synth 8-3331] design Executer has unconnected port branch_base_addr[27]
WARNING: [Synth 8-3331] design Executer has unconnected port branch_base_addr[26]
WARNING: [Synth 8-3331] design Executer has unconnected port branch_base_addr[25]
WARNING: [Synth 8-3331] design Executer has unconnected port branch_base_addr[24]
WARNING: [Synth 8-3331] design Executer has unconnected port branch_base_addr[23]
WARNING: [Synth 8-3331] design Executer has unconnected port branch_base_addr[22]
WARNING: [Synth 8-3331] design Executer has unconnected port branch_base_addr[21]
WARNING: [Synth 8-3331] design Executer has unconnected port branch_base_addr[20]
WARNING: [Synth 8-3331] design Executer has unconnected port branch_base_addr[19]
WARNING: [Synth 8-3331] design Executer has unconnected port branch_base_addr[18]
WARNING: [Synth 8-3331] design Executer has unconnected port branch_base_addr[17]
WARNING: [Synth 8-3331] design Executer has unconnected port branch_base_addr[16]
WARNING: [Synth 8-3331] design Executer has unconnected port branch_base_addr[15]
WARNING: [Synth 8-3331] design Executer has unconnected port branch_base_addr[14]
WARNING: [Synth 8-3331] design Executer has unconnected port branch_base_addr[13]
WARNING: [Synth 8-3331] design Executer has unconnected port branch_base_addr[12]
WARNING: [Synth 8-3331] design Executer has unconnected port branch_base_addr[11]
WARNING: [Synth 8-3331] design Executer has unconnected port branch_base_addr[10]
WARNING: [Synth 8-3331] design Executer has unconnected port branch_base_addr[9]
WARNING: [Synth 8-3331] design Executer has unconnected port branch_base_addr[8]
WARNING: [Synth 8-3331] design Executer has unconnected port branch_base_addr[7]
WARNING: [Synth 8-3331] design Executer has unconnected port branch_base_addr[6]
WARNING: [Synth 8-3331] design Executer has unconnected port branch_base_addr[5]
WARNING: [Synth 8-3331] design Executer has unconnected port branch_base_addr[4]
WARNING: [Synth 8-3331] design Executer has unconnected port branch_base_addr[3]
WARNING: [Synth 8-3331] design Executer has unconnected port branch_base_addr[2]
WARNING: [Synth 8-3331] design Executer has unconnected port branch_base_addr[1]
WARNING: [Synth 8-3331] design Executer has unconnected port branch_base_addr[0]
WARNING: [Synth 8-3331] design Executer has unconnected port Jr
WARNING: [Synth 8-3331] design IFetch has unconnected port Instruction[31]
WARNING: [Synth 8-3331] design IFetch has unconnected port Instruction[30]
WARNING: [Synth 8-3331] design IFetch has unconnected port Instruction[29]
WARNING: [Synth 8-3331] design IFetch has unconnected port Instruction[28]
WARNING: [Synth 8-3331] design IFetch has unconnected port Instruction[27]
WARNING: [Synth 8-3331] design IFetch has unconnected port Instruction[26]
WARNING: [Synth 8-3331] design CPU has unconnected port seg_en[7]
WARNING: [Synth 8-3331] design CPU has unconnected port seg_en[6]
WARNING: [Synth 8-3331] design CPU has unconnected port seg_en[5]
WARNING: [Synth 8-3331] design CPU has unconnected port seg_en[4]
WARNING: [Synth 8-3331] design CPU has unconnected port seg_en[3]
WARNING: [Synth 8-3331] design CPU has unconnected port seg_en[2]
WARNING: [Synth 8-3331] design CPU has unconnected port seg_en[1]
WARNING: [Synth 8-3331] design CPU has unconnected port seg_en[0]
WARNING: [Synth 8-3331] design CPU has unconnected port seg_out0[7]
WARNING: [Synth 8-3331] design CPU has unconnected port seg_out0[6]
WARNING: [Synth 8-3331] design CPU has unconnected port seg_out0[5]
WARNING: [Synth 8-3331] design CPU has unconnected port seg_out0[4]
WARNING: [Synth 8-3331] design CPU has unconnected port seg_out0[3]
WARNING: [Synth 8-3331] design CPU has unconnected port seg_out0[2]
WARNING: [Synth 8-3331] design CPU has unconnected port seg_out0[1]
WARNING: [Synth 8-3331] design CPU has unconnected port seg_out0[0]
WARNING: [Synth 8-3331] design CPU has unconnected port seg_out1[7]
WARNING: [Synth 8-3331] design CPU has unconnected port seg_out1[6]
WARNING: [Synth 8-3331] design CPU has unconnected port seg_out1[5]
WARNING: [Synth 8-3331] design CPU has unconnected port seg_out1[4]
WARNING: [Synth 8-3331] design CPU has unconnected port seg_out1[3]
WARNING: [Synth 8-3331] design CPU has unconnected port seg_out1[2]
WARNING: [Synth 8-3331] design CPU has unconnected port seg_out1[1]
WARNING: [Synth 8-3331] design CPU has unconnected port seg_out1[0]
INFO: [Common 17-14] Message 'Synth 8-3331' appears 100 times and further instances of the messages will be disabled. Use the Tcl command set_msg_config to change the current settings.
---------------------------------------------------------------------------------
Finished RTL Elaboration : Time (s): cpu = 00:00:02 ; elapsed = 00:00:08 . Memory (MB): peak = 394.906 ; gain = 153.070
---------------------------------------------------------------------------------

Report Check Netlist: 
+------+------------------+-------+---------+-------+------------------+
|      |Item              |Errors |Warnings |Status |Description       |
+------+------------------+-------+---------+-------+------------------+
|1     |multi_driven_nets |      0|        0|Passed |Multi driven nets |
+------+------------------+-------+---------+-------+------------------+
WARNING: [Synth 8-3295] tying undriven pin Decoder_inst:RegDst to constant 0 [D:/LearningMaterials/CS202/Project/CS202_Project/CS202_Project/CS202_Project.srcs/sources_1/new/CPU.v:123]
---------------------------------------------------------------------------------
Finished RTL Optimization Phase 1 : Time (s): cpu = 00:00:02 ; elapsed = 00:00:08 . Memory (MB): peak = 394.906 ; gain = 153.070
---------------------------------------------------------------------------------
INFO: [Device 21-403] Loading part xc7a35tcsg324-1
INFO: [Project 1-570] Preparing netlist for logic optimization

Processing XDC Constraints
Initializing timing engine
Parsing XDC File [D:/LearningMaterials/CS202/Project/CS202_Project/CS202_Project/CS202_Project.runs/synth_1/.Xil/Vivado-15116-LAPTOP-7DFI8QQJ/dcp4/RAM_in_context.xdc] for cell 'ProgramROM_inst/ProgramROM_inst'
Finished Parsing XDC File [D:/LearningMaterials/CS202/Project/CS202_Project/CS202_Project/CS202_Project.runs/synth_1/.Xil/Vivado-15116-LAPTOP-7DFI8QQJ/dcp4/RAM_in_context.xdc] for cell 'ProgramROM_inst/ProgramROM_inst'
Parsing XDC File [D:/LearningMaterials/CS202/Project/CS202_Project/CS202_Project/CS202_Project.runs/synth_1/.Xil/Vivado-15116-LAPTOP-7DFI8QQJ/dcp5/clk_wiz_0_in_context.xdc] for cell 'cpu_clk_inst'
Finished Parsing XDC File [D:/LearningMaterials/CS202/Project/CS202_Project/CS202_Project/CS202_Project.runs/synth_1/.Xil/Vivado-15116-LAPTOP-7DFI8QQJ/dcp5/clk_wiz_0_in_context.xdc] for cell 'cpu_clk_inst'
Parsing XDC File [D:/LearningMaterials/CS202/Project/CS202_Project/CS202_Project/CS202_Project.runs/synth_1/.Xil/Vivado-15116-LAPTOP-7DFI8QQJ/dcp6/uart_bmpg_0_in_context.xdc] for cell 'uart_inst'
Finished Parsing XDC File [D:/LearningMaterials/CS202/Project/CS202_Project/CS202_Project/CS202_Project.runs/synth_1/.Xil/Vivado-15116-LAPTOP-7DFI8QQJ/dcp6/uart_bmpg_0_in_context.xdc] for cell 'uart_inst'
Parsing XDC File [D:/LearningMaterials/CS202/Project/CS202_Project/CS202_Project/CS202_Project.runs/synth_1/.Xil/Vivado-15116-LAPTOP-7DFI8QQJ/dcp7/RAM_in_context.xdc] for cell 'DMemory_inst/RAM_inst'
Finished Parsing XDC File [D:/LearningMaterials/CS202/Project/CS202_Project/CS202_Project/CS202_Project.runs/synth_1/.Xil/Vivado-15116-LAPTOP-7DFI8QQJ/dcp7/RAM_in_context.xdc] for cell 'DMemory_inst/RAM_inst'
Parsing XDC File [D:/LearningMaterials/CS202/Project/CS202_Project/CS202_Project/CS202_Project.srcs/constrs_1/new/CPU.xdc]
Finished Parsing XDC File [D:/LearningMaterials/CS202/Project/CS202_Project/CS202_Project/CS202_Project.srcs/constrs_1/new/CPU.xdc]
INFO: [Project 1-236] Implementation specific constraints were found while reading constraint file [D:/LearningMaterials/CS202/Project/CS202_Project/CS202_Project/CS202_Project.srcs/constrs_1/new/CPU.xdc]. These constraints will be ignored for synthesis but will be used in implementation. Impacted constraints are listed in the file [.Xil/CPU_propImpl.xdc].
Resolution: To avoid this warning, move constraints listed in [.Xil/CPU_propImpl.xdc] to another XDC file and exclude this new file from synthesis with the used_in_synthesis property (File Properties dialog in GUI) and re-run elaboration/synthesis.
Parsing XDC File [D:/LearningMaterials/CS202/Project/CS202_Project/CS202_Project/CS202_Project.runs/synth_1/dont_touch.xdc]
Finished Parsing XDC File [D:/LearningMaterials/CS202/Project/CS202_Project/CS202_Project/CS202_Project.runs/synth_1/dont_touch.xdc]
Completed Processing XDC Constraints

INFO: [Project 1-111] Unisim Transformation Summary:
No Unisim elements were transformed.

Constraint Validation Runtime : Time (s): cpu = 00:00:00 ; elapsed = 00:00:00.006 . Memory (MB): peak = 736.102 ; gain = 0.000
---------------------------------------------------------------------------------
Finished Constraint Validation : Time (s): cpu = 00:00:08 ; elapsed = 00:00:22 . Memory (MB): peak = 736.102 ; gain = 494.266
---------------------------------------------------------------------------------
---------------------------------------------------------------------------------
Start Loading Part and Timing Information
---------------------------------------------------------------------------------
Loading part: xc7a35tcsg324-1
---------------------------------------------------------------------------------
Finished Loading Part and Timing Information : Time (s): cpu = 00:00:08 ; elapsed = 00:00:22 . Memory (MB): peak = 736.102 ; gain = 494.266
---------------------------------------------------------------------------------
---------------------------------------------------------------------------------
Start Applying 'set_property' XDC Constraints
---------------------------------------------------------------------------------
Applied set_property IO_BUFFER_TYPE = NONE for fpga_clk. (constraint file  D:/LearningMaterials/CS202/Project/CS202_Project/CS202_Project/CS202_Project.runs/synth_1/.Xil/Vivado-15116-LAPTOP-7DFI8QQJ/dcp5/clk_wiz_0_in_context.xdc, line 4).
Applied set_property CLOCK_BUFFER_TYPE = NONE for fpga_clk. (constraint file  D:/LearningMaterials/CS202/Project/CS202_Project/CS202_Project/CS202_Project.runs/synth_1/.Xil/Vivado-15116-LAPTOP-7DFI8QQJ/dcp5/clk_wiz_0_in_context.xdc, line 5).
Applied set_property DONT_TOUCH = true for DMemory_inst/RAM_inst. (constraint file  auto generated constraint, line ).
Applied set_property DONT_TOUCH = true for ProgramROM_inst/ProgramROM_inst. (constraint file  auto generated constraint, line ).
Applied set_property DONT_TOUCH = true for cpu_clk_inst. (constraint file  auto generated constraint, line ).
Applied set_property DONT_TOUCH = true for uart_inst. (constraint file  auto generated constraint, line ).
---------------------------------------------------------------------------------
Finished applying 'set_property' XDC Constraints : Time (s): cpu = 00:00:08 ; elapsed = 00:00:22 . Memory (MB): peak = 736.102 ; gain = 494.266
---------------------------------------------------------------------------------
INFO: [Synth 8-5546] ROM "register_reg[0]" won't be mapped to RAM because it is too sparse
INFO: [Synth 8-5546] ROM "register_reg[1]" won't be mapped to RAM because it is too sparse
INFO: [Synth 8-5546] ROM "register_reg[2]" won't be mapped to RAM because it is too sparse
INFO: [Synth 8-5546] ROM "register_reg[3]" won't be mapped to RAM because it is too sparse
INFO: [Synth 8-5546] ROM "register_reg[4]" won't be mapped to RAM because it is too sparse
INFO: [Synth 8-5546] ROM "register_reg[5]" won't be mapped to RAM because it is too sparse
INFO: [Synth 8-5546] ROM "register_reg[6]" won't be mapped to RAM because it is too sparse
INFO: [Synth 8-5546] ROM "register_reg[7]" won't be mapped to RAM because it is too sparse
INFO: [Synth 8-5546] ROM "register_reg[8]" won't be mapped to RAM because it is too sparse
INFO: [Synth 8-5546] ROM "register_reg[9]" won't be mapped to RAM because it is too sparse
INFO: [Synth 8-5546] ROM "register_reg[10]" won't be mapped to RAM because it is too sparse
INFO: [Synth 8-5546] ROM "register_reg[11]" won't be mapped to RAM because it is too sparse
INFO: [Synth 8-5546] ROM "register_reg[12]" won't be mapped to RAM because it is too sparse
INFO: [Synth 8-5546] ROM "register_reg[13]" won't be mapped to RAM because it is too sparse
INFO: [Synth 8-5546] ROM "register_reg[14]" won't be mapped to RAM because it is too sparse
INFO: [Synth 8-5546] ROM "register_reg[15]" won't be mapped to RAM because it is too sparse
INFO: [Synth 8-5546] ROM "register_reg[16]" won't be mapped to RAM because it is too sparse
INFO: [Synth 8-5546] ROM "register_reg[17]" won't be mapped to RAM because it is too sparse
INFO: [Synth 8-5546] ROM "register_reg[18]" won't be mapped to RAM because it is too sparse
INFO: [Synth 8-5546] ROM "register_reg[19]" won't be mapped to RAM because it is too sparse
INFO: [Synth 8-5546] ROM "register_reg[20]" won't be mapped to RAM because it is too sparse
INFO: [Synth 8-5546] ROM "register_reg[21]" won't be mapped to RAM because it is too sparse
INFO: [Synth 8-5546] ROM "register_reg[22]" won't be mapped to RAM because it is too sparse
INFO: [Synth 8-5546] ROM "register_reg[23]" won't be mapped to RAM because it is too sparse
INFO: [Synth 8-5546] ROM "register_reg[24]" won't be mapped to RAM because it is too sparse
INFO: [Synth 8-5546] ROM "register_reg[25]" won't be mapped to RAM because it is too sparse
INFO: [Synth 8-5546] ROM "register_reg[26]" won't be mapped to RAM because it is too sparse
INFO: [Synth 8-5546] ROM "register_reg[27]" won't be mapped to RAM because it is too sparse
INFO: [Synth 8-5546] ROM "register_reg[28]" won't be mapped to RAM because it is too sparse
INFO: [Synth 8-5546] ROM "register_reg[29]" won't be mapped to RAM because it is too sparse
INFO: [Synth 8-5546] ROM "register_reg[30]" won't be mapped to RAM because it is too sparse
INFO: [Synth 8-5546] ROM "register_reg[31]" won't be mapped to RAM because it is too sparse
INFO: [Synth 8-5546] ROM "Jmp" won't be mapped to RAM because it is too sparse
INFO: [Synth 8-5546] ROM "Jal" won't be mapped to RAM because it is too sparse
INFO: [Synth 8-5546] ROM "Branch" won't be mapped to RAM because it is too sparse
INFO: [Synth 8-5546] ROM "nBranch" won't be mapped to RAM because it is too sparse
INFO: [Synth 8-5546] ROM "R_format" won't be mapped to RAM because it is too sparse
INFO: [Synth 8-5546] ROM "lw" won't be mapped to RAM because it is too sparse
INFO: [Synth 8-5544] ROM "I_format" won't be mapped to Block RAM because address size (3) smaller than threshold (5)
INFO: [Synth 8-5546] ROM "sw" won't be mapped to RAM because it is too sparse
INFO: [Synth 8-5818] HDL ADVISOR - The operator resource <adder> is shared. To prevent sharing consider applying a KEEP on the output of the operator [D:/LearningMaterials/CS202/Project/CS202_Project/CS202_Project/CS202_Project.srcs/sources_1/new/Executer.v:55]
INFO: [Synth 8-5545] ROM "Zero" won't be mapped to RAM because address size (32) is larger than maximum supported(25)
INFO: [Synth 8-5544] ROM "SwitchRdata" won't be mapped to Block RAM because address size (2) smaller than threshold (5)
INFO: [Synth 8-5544] ROM "LED" won't be mapped to Block RAM because address size (2) smaller than threshold (5)
---------------------------------------------------------------------------------
Finished RTL Optimization Phase 2 : Time (s): cpu = 00:00:08 ; elapsed = 00:00:22 . Memory (MB): peak = 736.102 ; gain = 494.266
---------------------------------------------------------------------------------

Report RTL Partitions: 
+-+--------------+------------+----------+
| |RTL Partition |Replication |Instances |
+-+--------------+------------+----------+
+-+--------------+------------+----------+
---------------------------------------------------------------------------------
Start RTL Component Statistics 
---------------------------------------------------------------------------------
Detailed RTL Component Info : 
+---Adders : 
	   2 Input     32 Bit       Adders := 1     
	   3 Input     32 Bit       Adders := 1     
+---XORs : 
	   2 Input     32 Bit         XORs := 1     
+---Registers : 
	               32 Bit    Registers := 32    
	               16 Bit    Registers := 1     
	                1 Bit    Registers := 1     
+---Muxes : 
	   2 Input     32 Bit        Muxes := 16    
	   8 Input     32 Bit        Muxes := 2     
	   2 Input     28 Bit        Muxes := 1     
	   2 Input     14 Bit        Muxes := 1     
	   2 Input      5 Bit        Muxes := 2     
	   2 Input      4 Bit        Muxes := 1     
	   2 Input      2 Bit        Muxes := 1     
	   2 Input      1 Bit        Muxes := 46    
---------------------------------------------------------------------------------
Finished RTL Component Statistics 
---------------------------------------------------------------------------------
---------------------------------------------------------------------------------
Start RTL Hierarchical Component Statistics 
---------------------------------------------------------------------------------
Hierarchical RTL Component report 
Module CPU 
Detailed RTL Component Info : 
+---Registers : 
	                1 Bit    Registers := 1     
Module IFetch 
Detailed RTL Component Info : 
+---Adders : 
	   2 Input     32 Bit       Adders := 1     
+---Muxes : 
	   2 Input     32 Bit        Muxes := 5     
	   2 Input     28 Bit        Muxes := 1     
Module ProgramROM 
Detailed RTL Component Info : 
+---Muxes : 
	   2 Input     32 Bit        Muxes := 1     
	   2 Input     14 Bit        Muxes := 1     
	   2 Input      1 Bit        Muxes := 1     
Module Decoder 
Detailed RTL Component Info : 
+---Registers : 
	               32 Bit    Registers := 32    
+---Muxes : 
	   2 Input     32 Bit        Muxes := 3     
	   2 Input      5 Bit        Muxes := 2     
	   2 Input      1 Bit        Muxes := 32    
Module Controller 
Detailed RTL Component Info : 
+---Muxes : 
	   2 Input      1 Bit        Muxes := 8     
Module DMemory 
Detailed RTL Component Info : 
+---Muxes : 
	   2 Input     32 Bit        Muxes := 2     
	   2 Input      1 Bit        Muxes := 2     
Module Executer 
Detailed RTL Component Info : 
+---Adders : 
	   3 Input     32 Bit       Adders := 1     
+---XORs : 
	   2 Input     32 Bit         XORs := 1     
+---Muxes : 
	   2 Input     32 Bit        Muxes := 4     
	   8 Input     32 Bit        Muxes := 2     
	   2 Input      4 Bit        Muxes := 1     
	   2 Input      2 Bit        Muxes := 1     
	   2 Input      1 Bit        Muxes := 1     
Module MemOrIO 
Detailed RTL Component Info : 
+---Muxes : 
	   2 Input     32 Bit        Muxes := 1     
Module Switch 
Detailed RTL Component Info : 
+---Muxes : 
	   2 Input      1 Bit        Muxes := 1     
Module LED 
Detailed RTL Component Info : 
+---Registers : 
	               16 Bit    Registers := 1     
+---Muxes : 
	   2 Input      1 Bit        Muxes := 1     
---------------------------------------------------------------------------------
Finished RTL Hierarchical Component Statistics
---------------------------------------------------------------------------------
---------------------------------------------------------------------------------
Start Part Resource Summary
---------------------------------------------------------------------------------
Part Resources:
DSPs: 90 (col length:60)
BRAMs: 100 (col length: RAMB18 60 RAMB36 30)
---------------------------------------------------------------------------------
Finished Part Resource Summary
---------------------------------------------------------------------------------
---------------------------------------------------------------------------------
Start Cross Boundary and Area Optimization
---------------------------------------------------------------------------------
INFO: [Synth 8-5545] ROM "Zero" won't be mapped to RAM because address size (32) is larger than maximum supported(25)
INFO: [Synth 8-3333] propagating constant 0 across sequential element (Decoder_inst/\register_reg[0][30] )
INFO: [Synth 8-3333] propagating constant 0 across sequential element (Decoder_inst/\register_reg[0][29] )
INFO: [Synth 8-3333] propagating constant 0 across sequential element (Decoder_inst/\register_reg[0][31] )
INFO: [Synth 8-3333] propagating constant 0 across sequential element (Decoder_inst/\register_reg[0][21] )
INFO: [Synth 8-3333] propagating constant 0 across sequential element (Decoder_inst/\register_reg[0][26] )
INFO: [Synth 8-3333] propagating constant 0 across sequential element (Decoder_inst/\register_reg[0][27] )
INFO: [Synth 8-3333] propagating constant 0 across sequential element (Decoder_inst/\register_reg[0][22] )
INFO: [Synth 8-3333] propagating constant 0 across sequential element (Decoder_inst/\register_reg[0][25] )
INFO: [Synth 8-3333] propagating constant 0 across sequential element (Decoder_inst/\register_reg[0][24] )
INFO: [Synth 8-3333] propagating constant 0 across sequential element (Decoder_inst/\register_reg[0][23] )
INFO: [Synth 8-3333] propagating constant 0 across sequential element (Decoder_inst/\register_reg[0][28] )
INFO: [Synth 8-3333] propagating constant 0 across sequential element (Decoder_inst/\register_reg[0][0] )
INFO: [Synth 8-3333] propagating constant 0 across sequential element (Decoder_inst/\register_reg[0][1] )
INFO: [Synth 8-3333] propagating constant 0 across sequential element (Decoder_inst/\register_reg[0][2] )
INFO: [Synth 8-3333] propagating constant 0 across sequential element (Decoder_inst/\register_reg[0][3] )
INFO: [Synth 8-3333] propagating constant 0 across sequential element (Decoder_inst/\register_reg[0][5] )
INFO: [Synth 8-3333] propagating constant 0 across sequential element (Decoder_inst/\register_reg[0][6] )
INFO: [Synth 8-3333] propagating constant 0 across sequential element (Decoder_inst/\register_reg[0][7] )
INFO: [Synth 8-3333] propagating constant 0 across sequential element (Decoder_inst/\register_reg[0][8] )
INFO: [Synth 8-3333] propagating constant 0 across sequential element (Decoder_inst/\register_reg[0][9] )
INFO: [Synth 8-3333] propagating constant 0 across sequential element (Decoder_inst/\register_reg[0][10] )
INFO: [Synth 8-3333] propagating constant 0 across sequential element (Decoder_inst/\register_reg[0][11] )
INFO: [Synth 8-3333] propagating constant 0 across sequential element (Decoder_inst/\register_reg[0][12] )
INFO: [Synth 8-3333] propagating constant 0 across sequential element (Decoder_inst/\register_reg[0][13] )
INFO: [Synth 8-3333] propagating constant 0 across sequential element (Decoder_inst/\register_reg[0][14] )
INFO: [Synth 8-3333] propagating constant 0 across sequential element (Decoder_inst/\register_reg[0][15] )
INFO: [Synth 8-3333] propagating constant 0 across sequential element (Decoder_inst/\register_reg[0][16] )
INFO: [Synth 8-3333] propagating constant 0 across sequential element (Decoder_inst/\register_reg[0][17] )
INFO: [Synth 8-3333] propagating constant 0 across sequential element (Decoder_inst/\register_reg[0][18] )
INFO: [Synth 8-3333] propagating constant 0 across sequential element (Decoder_inst/\register_reg[0][19] )
INFO: [Synth 8-3333] propagating constant 0 across sequential element (Decoder_inst/\register_reg[0][20] )
INFO: [Synth 8-3333] propagating constant 0 across sequential element (Decoder_inst/\register_reg[0][4] )
WARNING: [Synth 8-3332] Sequential element (register_reg[0][31]) is unused and will be removed from module Decoder.
WARNING: [Synth 8-3332] Sequential element (register_reg[0][30]) is unused and will be removed from module Decoder.
WARNING: [Synth 8-3332] Sequential element (register_reg[0][29]) is unused and will be removed from module Decoder.
WARNING: [Synth 8-3332] Sequential element (register_reg[0][28]) is unused and will be removed from module Decoder.
WARNING: [Synth 8-3332] Sequential element (register_reg[0][27]) is unused and will be removed from module Decoder.
WARNING: [Synth 8-3332] Sequential element (register_reg[0][26]) is unused and will be removed from module Decoder.
WARNING: [Synth 8-3332] Sequential element (register_reg[0][25]) is unused and will be removed from module Decoder.
WARNING: [Synth 8-3332] Sequential element (register_reg[0][24]) is unused and will be removed from module Decoder.
WARNING: [Synth 8-3332] Sequential element (register_reg[0][23]) is unused and will be removed from module Decoder.
WARNING: [Synth 8-3332] Sequential element (register_reg[0][22]) is unused and will be removed from module Decoder.
WARNING: [Synth 8-3332] Sequential element (register_reg[0][21]) is unused and will be removed from module Decoder.
WARNING: [Synth 8-3332] Sequential element (register_reg[0][20]) is unused and will be removed from module Decoder.
WARNING: [Synth 8-3332] Sequential element (register_reg[0][19]) is unused and will be removed from module Decoder.
WARNING: [Synth 8-3332] Sequential element (register_reg[0][18]) is unused and will be removed from module Decoder.
WARNING: [Synth 8-3332] Sequential element (register_reg[0][17]) is unused and will be removed from module Decoder.
WARNING: [Synth 8-3332] Sequential element (register_reg[0][16]) is unused and will be removed from module Decoder.
WARNING: [Synth 8-3332] Sequential element (register_reg[0][15]) is unused and will be removed from module Decoder.
WARNING: [Synth 8-3332] Sequential element (register_reg[0][14]) is unused and will be removed from module Decoder.
WARNING: [Synth 8-3332] Sequential element (register_reg[0][13]) is unused and will be removed from module Decoder.
WARNING: [Synth 8-3332] Sequential element (register_reg[0][12]) is unused and will be removed from module Decoder.
WARNING: [Synth 8-3332] Sequential element (register_reg[0][11]) is unused and will be removed from module Decoder.
WARNING: [Synth 8-3332] Sequential element (register_reg[0][10]) is unused and will be removed from module Decoder.
WARNING: [Synth 8-3332] Sequential element (register_reg[0][9]) is unused and will be removed from module Decoder.
WARNING: [Synth 8-3332] Sequential element (register_reg[0][8]) is unused and will be removed from module Decoder.
WARNING: [Synth 8-3332] Sequential element (register_reg[0][7]) is unused and will be removed from module Decoder.
WARNING: [Synth 8-3332] Sequential element (register_reg[0][6]) is unused and will be removed from module Decoder.
WARNING: [Synth 8-3332] Sequential element (register_reg[0][5]) is unused and will be removed from module Decoder.
WARNING: [Synth 8-3332] Sequential element (register_reg[0][4]) is unused and will be removed from module Decoder.
WARNING: [Synth 8-3332] Sequential element (register_reg[0][3]) is unused and will be removed from module Decoder.
WARNING: [Synth 8-3332] Sequential element (register_reg[0][2]) is unused and will be removed from module Decoder.
WARNING: [Synth 8-3332] Sequential element (register_reg[0][1]) is unused and will be removed from module Decoder.
WARNING: [Synth 8-3332] Sequential element (register_reg[0][0]) is unused and will be removed from module Decoder.
---------------------------------------------------------------------------------
Finished Cross Boundary and Area Optimization : Time (s): cpu = 00:00:43 ; elapsed = 00:01:33 . Memory (MB): peak = 736.102 ; gain = 494.266
---------------------------------------------------------------------------------

Report RTL Partitions: 
+-+--------------+------------+----------+
| |RTL Partition |Replication |Instances |
+-+--------------+------------+----------+
+-+--------------+------------+----------+
---------------------------------------------------------------------------------
Start Applying XDC Timing Constraints
---------------------------------------------------------------------------------
INFO: [Synth 8-5578] Moved timing constraint from pin 'cpu_clk_inst/cpu_clk' to pin 'cpu_clk_inst/bbstub_cpu_clk/O'
INFO: [Synth 8-5578] Moved timing constraint from pin 'cpu_clk_inst/upg_clk' to pin 'cpu_clk_inst/bbstub_upg_clk/O'
INFO: [Synth 8-5819] Moved 2 constraints on hierarchical pins to their respective driving/loading pins
---------------------------------------------------------------------------------
Finished Applying XDC Timing Constraints : Time (s): cpu = 00:00:48 ; elapsed = 00:01:44 . Memory (MB): peak = 771.230 ; gain = 529.395
---------------------------------------------------------------------------------
---------------------------------------------------------------------------------
Start Timing Optimization
---------------------------------------------------------------------------------
---------------------------------------------------------------------------------
Finished Timing Optimization : Time (s): cpu = 00:01:02 ; elapsed = 00:02:11 . Memory (MB): peak = 905.203 ; gain = 663.367
---------------------------------------------------------------------------------

Report RTL Partitions: 
+-+--------------+------------+----------+
| |RTL Partition |Replication |Instances |
+-+--------------+------------+----------+
+-+--------------+------------+----------+
---------------------------------------------------------------------------------
Start Technology Mapping
---------------------------------------------------------------------------------
---------------------------------------------------------------------------------
Finished Technology Mapping : Time (s): cpu = 00:01:06 ; elapsed = 00:02:19 . Memory (MB): peak = 933.086 ; gain = 691.250
---------------------------------------------------------------------------------

Report RTL Partitions: 
+-+--------------+------------+----------+
| |RTL Partition |Replication |Instances |
+-+--------------+------------+----------+
+-+--------------+------------+----------+
---------------------------------------------------------------------------------
Start IO Insertion
---------------------------------------------------------------------------------
---------------------------------------------------------------------------------
Start Flattening Before IO Insertion
---------------------------------------------------------------------------------
---------------------------------------------------------------------------------
Finished Flattening Before IO Insertion
---------------------------------------------------------------------------------
---------------------------------------------------------------------------------
Start Final Netlist Cleanup
---------------------------------------------------------------------------------
---------------------------------------------------------------------------------
Finished Final Netlist Cleanup
---------------------------------------------------------------------------------
---------------------------------------------------------------------------------
Finished IO Insertion : Time (s): cpu = 00:01:07 ; elapsed = 00:02:20 . Memory (MB): peak = 933.086 ; gain = 691.250
---------------------------------------------------------------------------------

Report Check Netlist: 
+------+------------------+-------+---------+-------+------------------+
|      |Item              |Errors |Warnings |Status |Description       |
+------+------------------+-------+---------+-------+------------------+
|1     |multi_driven_nets |      0|        0|Passed |Multi driven nets |
+------+------------------+-------+---------+-------+------------------+
---------------------------------------------------------------------------------
Start Renaming Generated Instances
---------------------------------------------------------------------------------
---------------------------------------------------------------------------------
Finished Renaming Generated Instances : Time (s): cpu = 00:01:07 ; elapsed = 00:02:20 . Memory (MB): peak = 933.086 ; gain = 691.250
---------------------------------------------------------------------------------

Report RTL Partitions: 
+-+--------------+------------+----------+
| |RTL Partition |Replication |Instances |
+-+--------------+------------+----------+
+-+--------------+------------+----------+
---------------------------------------------------------------------------------
Start Rebuilding User Hierarchy
---------------------------------------------------------------------------------
---------------------------------------------------------------------------------
Finished Rebuilding User Hierarchy : Time (s): cpu = 00:01:07 ; elapsed = 00:02:21 . Memory (MB): peak = 933.086 ; gain = 691.250
---------------------------------------------------------------------------------
---------------------------------------------------------------------------------
Start Renaming Generated Ports
---------------------------------------------------------------------------------
---------------------------------------------------------------------------------
Finished Renaming Generated Ports : Time (s): cpu = 00:01:07 ; elapsed = 00:02:21 . Memory (MB): peak = 933.086 ; gain = 691.250
---------------------------------------------------------------------------------
---------------------------------------------------------------------------------
Start Handling Custom Attributes
---------------------------------------------------------------------------------
---------------------------------------------------------------------------------
Finished Handling Custom Attributes : Time (s): cpu = 00:01:07 ; elapsed = 00:02:21 . Memory (MB): peak = 933.086 ; gain = 691.250
---------------------------------------------------------------------------------
---------------------------------------------------------------------------------
Start Renaming Generated Nets
---------------------------------------------------------------------------------
---------------------------------------------------------------------------------
Finished Renaming Generated Nets : Time (s): cpu = 00:01:07 ; elapsed = 00:02:21 . Memory (MB): peak = 933.086 ; gain = 691.250
---------------------------------------------------------------------------------
---------------------------------------------------------------------------------
Start Writing Synthesis Report
---------------------------------------------------------------------------------

Report BlackBoxes: 
+------+--------------+----------+
|      |BlackBox name |Instances |
+------+--------------+----------+
|1     |cpu_clk       |         1|
|2     |uart_bmpg_0   |         1|
|3     |RAM           |         1|
|4     |programROM    |         1|
+------+--------------+----------+

Report Cell Usage: 
+------+------------+------+
|      |Cell        |Count |
+------+------------+------+
|1     |RAM         |     1|
|2     |cpu_clk     |     1|
|3     |programROM  |     1|
|4     |uart_bmpg_0 |     1|
|5     |BUFG        |     1|
|6     |CARRY4      |    16|
|7     |LUT1        |     1|
|8     |LUT2        |    81|
|9     |LUT3        |   226|
|10    |LUT4        |   159|
|11    |LUT5        |   338|
|12    |LUT6        |  1049|
|13    |MUXF7       |   257|
|14    |FDCE        |  1056|
|15    |FDRE        |    33|
|16    |IBUF        |    19|
|17    |OBUF        |    17|
|18    |OBUFT       |    24|
+------+------------+------+

Report Instance Areas: 
+------+------------------+-----------+------+
|      |Instance          |Module     |Cells |
+------+------------------+-----------+------+
|1     |top               |           |  3394|
|2     |  DMemory_inst    |DMemory    |    35|
|3     |  Decoder_inst    |Decoder    |  2082|
|4     |  IFetch_inst     |IFetch     |    85|
|5     |  LED_inst        |LED        |    17|
|6     |  ProgramROM_inst |ProgramROM |  1043|
|7     |  Switch_inst     |Switch     |    16|
+------+------------------+-----------+------+
---------------------------------------------------------------------------------
Finished Writing Synthesis Report : Time (s): cpu = 00:01:07 ; elapsed = 00:02:21 . Memory (MB): peak = 933.086 ; gain = 691.250
---------------------------------------------------------------------------------
Synthesis finished with 0 errors, 0 critical warnings and 126 warnings.
Synthesis Optimization Runtime : Time (s): cpu = 00:01:02 ; elapsed = 00:02:13 . Memory (MB): peak = 933.086 ; gain = 350.055
Synthesis Optimization Complete : Time (s): cpu = 00:01:07 ; elapsed = 00:02:21 . Memory (MB): peak = 933.086 ; gain = 691.250
INFO: [Project 1-571] Translating synthesized netlist
INFO: [Netlist 29-17] Analyzing 292 Unisim elements for replacement
INFO: [Netlist 29-28] Unisim Transformation completed in 0 CPU seconds
INFO: [Project 1-570] Preparing netlist for logic optimization
INFO: [Opt 31-140] Inserted 1 IBUFs to IO ports without IO buffers.
INFO: [Opt 31-138] Pushed 0 inverter(s) to 0 load pin(s).
INFO: [Project 1-111] Unisim Transformation Summary:
No Unisim elements were transformed.

INFO: [Common 17-83] Releasing license: Synthesis
125 Infos, 143 Warnings, 0 Critical Warnings and 0 Errors encountered.
synth_design completed successfully
synth_design: Time (s): cpu = 00:01:09 ; elapsed = 00:02:26 . Memory (MB): peak = 933.086 ; gain = 702.766
INFO: [Common 17-1381] The checkpoint 'D:/LearningMaterials/CS202/Project/CS202_Project/CS202_Project/CS202_Project.runs/synth_1/CPU.dcp' has been generated.
INFO: [runtcl-4] Executing : report_utilization -file CPU_utilization_synth.rpt -pb CPU_utilization_synth.pb
report_utilization: Time (s): cpu = 00:00:00 ; elapsed = 00:00:00.048 . Memory (MB): peak = 933.086 ; gain = 0.000
INFO: [Common 17-206] Exiting Vivado at Wed May 17 21:16:28 2023...
